<?xml version="1.0" encoding="UTF-8"?>
<!-- Generated by org.testng.reporters.JUnitReportReporter -->
<testsuite hostname="DESKTOP-4MNU657" failures="0" tests="3" name="test.TestingBaba_checkbox_test" time="0.675" errors="0" timestamp="2021-12-27T22:56:32 IST" skipped="0">
  <testcase classname="test.TestingBaba_checkbox_test" name="clickonelements" time="0.111"/>
  <system-out/>
  <testcase classname="test.TestingBaba_checkbox_test" name="clickoncheckbox" time="0.234"/>
  <system-out/>
  <testcase classname="test.TestingBaba_checkbox_test" name="enteriframe" time="0.330"/>
  <system-out/>
</testsuite> <!-- test.TestingBaba_checkbox_test -->
