<?xml version="1.0" encoding="UTF-8"?>
<!-- Generated by org.testng.reporters.JUnitReportReporter -->
<testsuite hostname="DESKTOP-4MNU657" failures="0" tests="3" name="test.TestingBaba_webtablet_test" time="3.189" errors="0" timestamp="2021-12-29T16:27:38 IST" skipped="0">
  <testcase classname="test.TestingBaba_webtablet_test" name="clickonelements" time="0.102"/>
  <system-out/>
  <testcase classname="test.TestingBaba_webtablet_test" name="clickonwebtablet" time="0.186"/>
  <system-out/>
  <testcase classname="test.TestingBaba_webtablet_test" name="entervalue" time="2.901"/>
  <system-out/>
</testsuite> <!-- test.TestingBaba_webtablet_test -->
