<?xml version="1.0" encoding="UTF-8"?>
<!-- Generated by org.testng.reporters.JUnitReportReporter -->
<testsuite hostname="DESKTOP-4MNU657" failures="0" tests="3" name="test.Testingbaba_links_test" time="0.690" errors="0" timestamp="2021-12-27T18:06:55 IST" skipped="0">
  <testcase classname="test.Testingbaba_links_test" name="clickonelements" time="0.097"/>
  <system-out/>
  <testcase classname="test.Testingbaba_links_test" name="clickonlink" time="0.320"/>
  <system-out/>
  <testcase classname="test.Testingbaba_links_test" name="clickondemo" time="0.273"/>
  <system-out/>
</testsuite> <!-- test.Testingbaba_links_test -->
