<?xml version="1.0" encoding="UTF-8"?>
<!-- Generated by org.testng.reporters.JUnitReportReporter -->
<testsuite hostname="DESKTOP-4MNU657" failures="0" tests="1" name="test.Testingbaba_launch_Test" time="0.016" errors="0" timestamp="2021-12-29T16:27:38 IST" skipped="0">
  <testcase classname="test.Testingbaba_launch_Test" name="getttile" time="0.016"/>
  <system-out/>
</testsuite> <!-- test.Testingbaba_launch_Test -->
