<?xml version="1.0" encoding="UTF-8"?>
<!-- Generated by org.testng.reporters.JUnitReportReporter -->
<testsuite hostname="DESKTOP-097KB13" failures="0" tests="4" name="test.Testingbaba_textbox_test" time="0.972" errors="0" timestamp="2021-10-29T12:23:58 IST" skipped="0">
  <testcase classname="test.Testingbaba_textbox_test" name="getttile" time="0.011"/>
  <system-out/>
  <testcase classname="test.Testingbaba_textbox_test" name="clickonelements" time="0.091"/>
  <system-out/>
  <testcase classname="test.Testingbaba_textbox_test" name="filldetails" time="0.756"/>
  <system-out/>
  <testcase classname="test.Testingbaba_textbox_test" name="getverify" time="0.114"/>
  <system-out/>
</testsuite> <!-- test.Testingbaba_textbox_test -->
