<?xml version="1.0" encoding="UTF-8"?>
<!-- Generated by org.testng.reporters.JUnitReportReporter -->
<testsuite hostname="DESKTOP-4MNU657" failures="0" tests="1" name="tests.Sailclear_launch_test" time="1.450" errors="0" timestamp="2021-12-29T19:30:12 IST" skipped="0">
  <testcase classname="tests.Sailclear_launch_test" name="gettitleverify" time="1.450"/>
  <system-out/>
</testsuite> <!-- tests.Sailclear_launch_test -->
