<?xml version="1.0" encoding="UTF-8"?>
<!-- Generated by org.testng.reporters.JUnitReportReporter -->
<testsuite hostname="DESKTOP-4MNU657" failures="0" tests="4" name="tests.Sailclear_login_test" time="1.538" errors="0" timestamp="2021-12-17T15:30:23 IST" skipped="0">
  <testcase classname="tests.Sailclear_login_test" name="clickonlogin" time="0.372"/>
  <system-out/>
  <testcase classname="tests.Sailclear_login_test" name="enterusername" time="0.432"/>
  <system-out/>
  <testcase classname="tests.Sailclear_login_test" name="enterpassword" time="0.356"/>
  <system-out/>
  <testcase classname="tests.Sailclear_login_test" name="clickonsubmit" time="0.378"/>
  <system-out/>
</testsuite> <!-- tests.Sailclear_login_test -->
